GML-bestand: ib_aangewezen_oppervlaktewaterlichamen_amstel_gooi_en_vecht.gml
FRBRWork: /join/id/regdata/ws0155/2020/ib_aangewezen_oppervlaktewaterlichamen_amstel_gooi_en_vecht

Locatie: 0f66ed4e-42bd-4dc2-97e1-e8504231cceb
srsName: urn:ogc:def:crs:EPSG::28992
GML-type: MultiSurface

Locatie: 672b6646-c4b5-476c-b7b3-e9c2994366d9
srsName: urn:ogc:def:crs:EPSG::28992
GML-type: MultiSurface

Locatie: 0f958588-e7d5-4a43-922e-93b67cc6fffb
srsName: urn:ogc:def:crs:EPSG::28992
GML-type: MultiSurface

Locatie: d5a7bad6-8421-4b01-b854-78b930c71dd4
srsName: urn:ogc:def:crs:EPSG::28992
GML-type: MultiSurface

Locatie: c7517d99-c644-49ef-abc1-9622d965a93b
srsName: urn:ogc:def:crs:EPSG::28992
GML-type: MultiSurface

Locatie: 78f3a6d4-ccb4-41f6-b5da-22634aaa2783
srsName: urn:ogc:def:crs:EPSG::28992
GML-type: MultiSurface

Locatie: 7edd7d08-c66a-447e-891a-0634c2069997
srsName: urn:ogc:def:crs:EPSG::28992
GML-type: MultiSurface

Locatie: ab145d79-8aac-4d51-a88b-cac8a17a6191
srsName: urn:ogc:def:crs:EPSG::28992
GML-type: MultiSurface

Locatie: b613529c-8152-48b2-8229-81914de61cf9
srsName: urn:ogc:def:crs:EPSG::28992
GML-type: MultiSurface

Locatie: 9b334516-433e-4e76-9ba0-dc7e6a11b1da
srsName: urn:ogc:def:crs:EPSG::28992
GML-type: MultiSurface

Locatie: 7758b406-9ed5-42c2-b73d-7a8c42d75422
srsName: urn:ogc:def:crs:EPSG::28992
GML-type: MultiSurface

Locatie: b4c1ea9f-6974-40d0-b02c-64506b42f6f5
srsName: urn:ogc:def:crs:EPSG::28992
GML-type: MultiSurface

Locatie: 82ff08de-8f36-4363-9ba8-fd24e8651564
srsName: urn:ogc:def:crs:EPSG::28992
GML-type: MultiSurface

Locatie: aabdc1ba-cf77-49ed-8a9e-98337ffaee04
srsName: urn:ogc:def:crs:EPSG::28992
GML-type: MultiSurface

Locatie: 1bcaab1b-d0bf-481d-8d35-2a2cbf20c1ed
srsName: urn:ogc:def:crs:EPSG::28992
GML-type: MultiSurface

Locatie: c4c4678e-638b-47a8-8a06-9be8c4b9184d
srsName: urn:ogc:def:crs:EPSG::28992
GML-type: MultiSurface

Locatie: b2f03b1f-c6a4-4fcb-aa62-cc0ee2c675f5
srsName: urn:ogc:def:crs:EPSG::28992
GML-type: MultiSurface

Locatie: a56f29cd-da7b-4a78-8fa2-5d67ef011194
srsName: urn:ogc:def:crs:EPSG::28992
GML-type: MultiSurface

Locatie: 186cecae-409d-431e-ae83-c209a008e847
srsName: urn:ogc:def:crs:EPSG::28992
GML-type: MultiSurface

Locatie: 2a7becd8-cde0-4601-823f-4cb113913246
srsName: urn:ogc:def:crs:EPSG::28992
GML-type: MultiSurface

Locatie: f273b60d-b7f8-45cc-b469-e3db0fbdfc2e
srsName: urn:ogc:def:crs:EPSG::28992
GML-type: MultiSurface

Locatie: 145618f7-c502-43b1-9099-1c73f4f6c7aa
srsName: urn:ogc:def:crs:EPSG::28992
GML-type: MultiSurface

Locatie: eed36159-9584-4f58-87d7-541948571339
srsName: urn:ogc:def:crs:EPSG::28992
GML-type: MultiSurface

Locatie: 453c747f-7140-40d0-9ede-7bed007f2adf
srsName: urn:ogc:def:crs:EPSG::28992
GML-type: MultiSurface

Locatie: b9963046-d0b2-461b-929b-a4ae9a4b2fcf
srsName: urn:ogc:def:crs:EPSG::28992
GML-type: MultiSurface

Locatie: 7d6b8ec6-5563-44e8-9321-9b374850dd3c
srsName: urn:ogc:def:crs:EPSG::28992
GML-type: MultiSurface

Locatie: 917352b2-b48a-4e4b-abde-618ebabd46b4
srsName: urn:ogc:def:crs:EPSG::28992
GML-type: MultiSurface

Locatie: 5397d501-cb2d-4b6d-8c72-dee20bb8fcfe
srsName: urn:ogc:def:crs:EPSG::28992
GML-type: MultiSurface

Locatie: eb324e05-ed33-40c4-859d-9a0730a431e9
srsName: urn:ogc:def:crs:EPSG::28992
GML-type: MultiSurface

Locatie: de57e31b-a56f-45ac-918e-866740cf82fd
srsName: urn:ogc:def:crs:EPSG::28992
GML-type: MultiSurface

Locatie: 50aa61c8-c805-4827-9457-fc3297fb129a
srsName: urn:ogc:def:crs:EPSG::28992
GML-type: MultiSurface

Locatie: 7f99e809-4c64-476f-8080-6280f9997bed
srsName: urn:ogc:def:crs:EPSG::28992
GML-type: MultiSurface

Locatie: 33d8a541-1918-471f-9bff-ec9d41f4a7b4
srsName: urn:ogc:def:crs:EPSG::28992
GML-type: MultiSurface

Locatie: e68294ba-e72d-4e73-9204-58a19475b027
srsName: urn:ogc:def:crs:EPSG::28992
GML-type: MultiSurface

Locatie: 8b4211e3-4bd5-4e9b-aa7d-915184941514
srsName: urn:ogc:def:crs:EPSG::28992
GML-type: MultiSurface

Locatie: ac201268-9d0c-4086-a6c8-df7059f91bc1
srsName: urn:ogc:def:crs:EPSG::28992
GML-type: MultiSurface

Locatie: 4b120301-3434-4a30-8bfb-501fc81ab7aa
srsName: urn:ogc:def:crs:EPSG::28992
GML-type: MultiSurface

Locatie: bee26f93-7b27-4bcd-8278-658b274d59b5
srsName: urn:ogc:def:crs:EPSG::28992
GML-type: MultiSurface

Locatie: 6b9dc295-8b0a-406f-9a2d-8c107628dbb1
srsName: urn:ogc:def:crs:EPSG::28992
GML-type: MultiSurface

Locatie: e21d1c8c-eb81-4e14-b706-f08f059cb748
srsName: urn:ogc:def:crs:EPSG::28992
GML-type: MultiSurface

Locatie: 2a6be2b8-9441-44bc-8186-2a781980a6d8
srsName: urn:ogc:def:crs:EPSG::28992
GML-type: MultiSurface

Locatie: 17e76f4e-3e33-4fa7-8f13-4fc1c27d08a8
srsName: urn:ogc:def:crs:EPSG::28992
GML-type: MultiSurface

Locatie: f987a068-c0d7-443e-9a4a-34fed49dc54d
srsName: urn:ogc:def:crs:EPSG::28992
GML-type: MultiSurface

Locatie: 8a6a83f2-30c7-4051-a797-0a21e289506d
srsName: urn:ogc:def:crs:EPSG::28992
GML-type: MultiSurface

Locatie: 0c2f0343-d3e8-4d04-928c-3a0f851922b5
srsName: urn:ogc:def:crs:EPSG::28992
GML-type: MultiSurface

Locatie: 0fec9567-ff9b-4a1c-827a-73154d35884c
srsName: urn:ogc:def:crs:EPSG::28992
GML-type: MultiSurface

Locatie: aaab947a-632d-410b-94c1-3a7956991da2
srsName: urn:ogc:def:crs:EPSG::28992
GML-type: MultiSurface

Locatie: 9398e3f3-7688-4b92-a704-0ff5311aa417
srsName: urn:ogc:def:crs:EPSG::28992
GML-type: MultiSurface

Locatie: 62618b14-eccb-4bec-aeec-001233d9cd10
srsName: urn:ogc:def:crs:EPSG::28992
GML-type: MultiSurface

Locatie: c68f1a45-11c3-482a-a908-6c0b5c01f11a
srsName: urn:ogc:def:crs:EPSG::28992
GML-type: MultiSurface

Locatie: 4d8b49b2-1e47-41d6-aa50-90bbe4a6fe1f
srsName: urn:ogc:def:crs:EPSG::28992
GML-type: MultiSurface

Locatie: 281ce8e0-4be4-49db-938b-06e0280036da
srsName: urn:ogc:def:crs:EPSG::28992
GML-type: MultiSurface

Locatie: bbcec2e4-b364-4a40-b294-6eeb3fa500b9
srsName: urn:ogc:def:crs:EPSG::28992
GML-type: MultiSurface

Locatie: cda3799c-8636-4264-bc80-f8cf55b9b115
srsName: urn:ogc:def:crs:EPSG::28992
GML-type: MultiSurface

Locatie: a9096047-dfe6-4389-ba74-a1f4b6c5dda5
srsName: urn:ogc:def:crs:EPSG::28992
GML-type: MultiSurface

Locatie: 6e79f3d8-e655-44d9-9c75-c682e0a841cf
srsName: urn:ogc:def:crs:EPSG::28992
GML-type: MultiSurface

Locatie: dfd2d712-e500-4e42-a76c-8eef501f2d31
srsName: urn:ogc:def:crs:EPSG::28992
GML-type: MultiSurface

Locatie: 272f5728-14d6-4333-94e5-55d454113d64
srsName: urn:ogc:def:crs:EPSG::28992
GML-type: MultiSurface