# timestamp | duration | file | instruction | dir | modtime | etag | size | fileId | status | errorString | http result code | other size | other modtime | X-Request-ID
#=#=#=# Syncrun started 2021-01-24T18:30:31Z
#=#=#=#=# Propagation starts 2021-01-24T18:30:31Z (last step: 229 msec, total: 229 msec)
18:30:31||regeling.css|INST_NEW|Up|1610962341|3ba7a01dcb797274806ff388f569edcd|5812|00011733ocdgex5m00ij|4||201|0|0|16e4758b-62ad-4a49-9670-fad0eddd7b73|
18:30:31||grondCheck.js|INST_NEW|Up|1611399452|3f7d1e69dfc36a2a9868949efef72813|14145|00011734ocdgex5m00ij|4||201|0|0|c78fe9e2-ad8c-4795-b12a-aefb9dc65817|
18:30:31||jquery-3.5.1.js|INST_NEW|Up|1608283071|9565d5962632b81b07a589cdc0dad7c5|287630|00011735ocdgex5m00ij|4||201|0|0|74e42e0b-db10-45a6-bd3f-7c6f5e049936|
18:30:31||overzicht.css|INST_NEW|Up|1611338521|d469c4a011639e1742abbd043b519831|3442|00011732ocdgex5m00ij|4||201|0|0|c47f6833-4a44-481b-a1a0-69a5ee0bb222|
#=#=#=# Syncrun finished 2021-01-24T18:30:33Z (last step: 2094 msec, total: 2323 msec)
#=#=#=# Syncrun started 2021-01-24T18:31:21Z
#=#=#=#=# Propagation starts 2021-01-24T18:31:21Z (last step: 291 msec, total: 291 msec)
#=#=#=# Syncrun finished 2021-01-24T18:31:21Z (last step: 14 msec, total: 306 msec)
#=#=#=# Syncrun started 2021-01-24T18:56:39Z
#=#=#=#=# Propagation starts 2021-01-24T18:56:40Z (last step: 288 msec, total: 288 msec)
#=#=#=# Syncrun finished 2021-01-24T18:56:40Z (last step: 13 msec, total: 301 msec)
#=#=#=# Syncrun started 2021-01-24T21:23:04Z
#=#=#=#=# Propagation starts 2021-01-24T21:23:04Z (last step: 229 msec, total: 229 msec)
#=#=#=# Syncrun finished 2021-01-24T21:23:04Z (last step: 10 msec, total: 240 msec)
#=#=#=# Syncrun started 2021-01-24T23:23:09Z
#=#=#=#=# Propagation starts 2021-01-24T23:23:09Z (last step: 215 msec, total: 215 msec)
#=#=#=# Syncrun finished 2021-01-24T23:23:09Z (last step: 23 msec, total: 238 msec)
#=#=#=# Syncrun started 2021-01-25T05:58:55Z
#=#=#=#=# Propagation starts 2021-01-25T05:58:55Z (last step: 189 msec, total: 189 msec)
#=#=#=# Syncrun finished 2021-01-25T05:58:55Z (last step: 9 msec, total: 198 msec)
#=#=#=# Syncrun started 2021-01-25T07:58:55Z
#=#=#=#=# Propagation starts 2021-01-25T07:58:56Z (last step: 305 msec, total: 305 msec)
#=#=#=# Syncrun finished 2021-01-25T07:58:56Z (last step: 27 msec, total: 333 msec)
#=#=#=# Syncrun started 2021-01-25T09:58:56Z
#=#=#=#=# Propagation starts 2021-01-25T09:58:57Z (last step: 294 msec, total: 294 msec)
#=#=#=# Syncrun finished 2021-01-25T09:58:57Z (last step: 21 msec, total: 315 msec)
#=#=#=# Syncrun started 2021-01-25T10:07:26Z
#=#=#=#=# Propagation starts 2021-01-25T10:07:26Z (last step: 394 msec, total: 394 msec)
10:07:26||grondCheck.js|INST_SYNC|Up|1611569244|4cb71f3a72f7009eb309ea8a2052e76e|14147|00011734ocdgex5m00ij|4||204|14145|1611399452|df669914-80ed-485f-b584-08bf52c44f22|
#=#=#=# Syncrun finished 2021-01-25T10:07:28Z (last step: 1872 msec, total: 2267 msec)
#=#=#=# Syncrun started 2021-01-25T10:08:22Z
#=#=#=#=# Propagation starts 2021-01-25T10:08:23Z (last step: 237 msec, total: 237 msec)
#=#=#=# Syncrun finished 2021-01-25T10:08:23Z (last step: 24 msec, total: 261 msec)
#=#=#=# Syncrun started 2021-01-25T12:08:25Z
#=#=#=#=# Propagation starts 2021-01-25T12:08:25Z (last step: 196 msec, total: 196 msec)
#=#=#=# Syncrun finished 2021-01-25T12:08:25Z (last step: 24 msec, total: 220 msec)
#=#=#=# Syncrun started 2021-01-25T14:08:30Z
#=#=#=#=# Propagation starts 2021-01-25T14:08:31Z (last step: 273 msec, total: 273 msec)
#=#=#=# Syncrun finished 2021-01-25T14:08:31Z (last step: 24 msec, total: 298 msec)
#=#=#=# Syncrun started 2021-01-25T16:08:35Z
#=#=#=#=# Propagation starts 2021-01-25T16:08:36Z (last step: 266 msec, total: 266 msec)
#=#=#=# Syncrun finished 2021-01-25T16:08:36Z (last step: 13 msec, total: 280 msec)
#=#=#=# Syncrun started 2021-01-25T18:08:36Z
#=#=#=#=# Propagation starts 2021-01-25T18:08:37Z (last step: 261 msec, total: 261 msec)
#=#=#=# Syncrun finished 2021-01-25T18:08:37Z (last step: 24 msec, total: 285 msec)
#=#=#=# Syncrun started 2021-01-25T20:08:37Z
#=#=#=#=# Propagation starts 2021-01-25T20:08:38Z (last step: 295 msec, total: 295 msec)
#=#=#=# Syncrun finished 2021-01-25T20:08:38Z (last step: 23 msec, total: 318 msec)
#=#=#=# Syncrun started 2021-01-25T21:35:08Z
#=#=#=#=# Propagation starts 2021-01-25T21:35:08Z (last step: 247 msec, total: 247 msec)
#=#=#=# Syncrun finished 2021-01-25T21:35:08Z (last step: 7 msec, total: 255 msec)
#=#=#=# Syncrun started 2021-01-25T23:35:12Z
#=#=#=#=# Propagation starts 2021-01-25T23:35:13Z (last step: 205 msec, total: 205 msec)
#=#=#=# Syncrun finished 2021-01-25T23:35:13Z (last step: 24 msec, total: 230 msec)
#=#=#=# Syncrun started 2021-01-26T07:12:25Z
#=#=#=#=# Propagation starts 2021-01-26T07:12:25Z (last step: 223 msec, total: 223 msec)
#=#=#=# Syncrun finished 2021-01-26T07:12:25Z (last step: 7 msec, total: 231 msec)
#=#=#=# Syncrun started 2021-01-26T09:12:30Z
#=#=#=#=# Propagation starts 2021-01-26T09:12:30Z (last step: 249 msec, total: 249 msec)
#=#=#=# Syncrun finished 2021-01-26T09:12:30Z (last step: 24 msec, total: 273 msec)
#=#=#=# Syncrun started 2021-01-26T11:12:35Z
#=#=#=#=# Propagation starts 2021-01-26T11:12:35Z (last step: 365 msec, total: 365 msec)
#=#=#=# Syncrun finished 2021-01-26T11:12:35Z (last step: 24 msec, total: 390 msec)
#=#=#=# Syncrun started 2021-01-26T13:12:36Z
#=#=#=#=# Propagation starts 2021-01-26T13:12:36Z (last step: 306 msec, total: 306 msec)
#=#=#=# Syncrun finished 2021-01-26T13:12:36Z (last step: 13 msec, total: 320 msec)
#=#=#=# Syncrun started 2021-01-26T15:12:37Z
#=#=#=#=# Propagation starts 2021-01-26T15:12:37Z (last step: 265 msec, total: 265 msec)
#=#=#=# Syncrun finished 2021-01-26T15:12:37Z (last step: 24 msec, total: 289 msec)
#=#=#=# Syncrun started 2021-01-26T17:12:38Z
#=#=#=#=# Propagation starts 2021-01-26T17:12:38Z (last step: 369 msec, total: 369 msec)
#=#=#=# Syncrun finished 2021-01-26T17:12:38Z (last step: 25 msec, total: 394 msec)
#=#=#=# Syncrun started 2021-01-26T19:12:43Z
#=#=#=#=# Propagation starts 2021-01-26T19:12:43Z (last step: 306 msec, total: 306 msec)
#=#=#=# Syncrun finished 2021-01-26T19:12:43Z (last step: 13 msec, total: 320 msec)
#=#=#=# Syncrun started 2021-01-26T21:12:48Z
#=#=#=#=# Propagation starts 2021-01-26T21:12:48Z (last step: 440 msec, total: 440 msec)
#=#=#=# Syncrun finished 2021-01-26T21:12:48Z (last step: 26 msec, total: 467 msec)
#=#=#=# Syncrun started 2021-01-26T22:35:21Z
#=#=#=#=# Propagation starts 2021-01-26T22:35:21Z (last step: 234 msec, total: 234 msec)
#=#=#=# Syncrun finished 2021-01-26T22:35:21Z (last step: 8 msec, total: 243 msec)
#=#=#=# Syncrun started 2021-01-27T00:35:26Z
#=#=#=#=# Propagation starts 2021-01-27T00:35:26Z (last step: 250 msec, total: 250 msec)
#=#=#=# Syncrun finished 2021-01-27T00:35:26Z (last step: 24 msec, total: 274 msec)
#=#=#=# Syncrun started 2021-01-27T02:09:48Z
#=#=#=#=# Propagation starts 2021-01-27T02:09:48Z (last step: 207 msec, total: 207 msec)
#=#=#=# Syncrun finished 2021-01-27T02:09:48Z (last step: 25 msec, total: 233 msec)
#=#=#=# Syncrun started 2021-01-27T04:09:53Z
#=#=#=#=# Propagation starts 2021-01-27T04:09:53Z (last step: 234 msec, total: 234 msec)
#=#=#=# Syncrun finished 2021-01-27T04:09:53Z (last step: 24 msec, total: 259 msec)
#=#=#=# Syncrun started 2021-01-27T06:09:58Z
#=#=#=#=# Propagation starts 2021-01-27T06:09:58Z (last step: 236 msec, total: 236 msec)
#=#=#=# Syncrun finished 2021-01-27T06:09:58Z (last step: 23 msec, total: 259 msec)
#=#=#=# Syncrun started 2021-01-27T06:23:19Z
#=#=#=#=# Propagation starts 2021-01-27T06:23:19Z (last step: 212 msec, total: 212 msec)
#=#=#=# Syncrun finished 2021-01-27T06:23:19Z (last step: 30 msec, total: 243 msec)
#=#=#=# Syncrun started 2021-01-27T08:23:24Z
#=#=#=#=# Propagation starts 2021-01-27T08:23:24Z (last step: 199 msec, total: 199 msec)
#=#=#=# Syncrun finished 2021-01-27T08:23:24Z (last step: 23 msec, total: 222 msec)
#=#=#=# Syncrun started 2021-01-27T10:23:29Z
#=#=#=#=# Propagation starts 2021-01-27T10:23:29Z (last step: 321 msec, total: 321 msec)
#=#=#=# Syncrun finished 2021-01-27T10:23:29Z (last step: 24 msec, total: 345 msec)
#=#=#=# Syncrun started 2021-01-27T12:23:30Z
#=#=#=#=# Propagation starts 2021-01-27T12:23:30Z (last step: 287 msec, total: 287 msec)
#=#=#=# Syncrun finished 2021-01-27T12:23:30Z (last step: 24 msec, total: 312 msec)
#=#=#=# Syncrun started 2021-01-27T14:23:31Z
#=#=#=#=# Propagation starts 2021-01-27T14:23:31Z (last step: 299 msec, total: 299 msec)
#=#=#=# Syncrun finished 2021-01-27T14:23:31Z (last step: 24 msec, total: 324 msec)
#=#=#=# Syncrun started 2021-01-27T16:23:32Z
#=#=#=#=# Propagation starts 2021-01-27T16:23:32Z (last step: 246 msec, total: 246 msec)
#=#=#=# Syncrun finished 2021-01-27T16:23:32Z (last step: 24 msec, total: 270 msec)
#=#=#=# Syncrun started 2021-01-27T18:23:33Z
#=#=#=#=# Propagation starts 2021-01-27T18:23:33Z (last step: 222 msec, total: 222 msec)
#=#=#=# Syncrun finished 2021-01-27T18:23:33Z (last step: 24 msec, total: 246 msec)
#=#=#=# Syncrun started 2021-01-27T20:23:38Z
#=#=#=#=# Propagation starts 2021-01-27T20:23:38Z (last step: 264 msec, total: 264 msec)
#=#=#=# Syncrun finished 2021-01-27T20:23:38Z (last step: 24 msec, total: 288 msec)
#=#=#=# Syncrun started 2021-01-27T21:35:33Z
#=#=#=#=# Propagation starts 2021-01-27T21:35:33Z (last step: 239 msec, total: 239 msec)
#=#=#=# Syncrun finished 2021-01-27T21:35:33Z (last step: 8 msec, total: 247 msec)
#=#=#=# Syncrun started 2021-01-27T23:35:37Z
#=#=#=#=# Propagation starts 2021-01-27T23:35:38Z (last step: 238 msec, total: 238 msec)
#=#=#=# Syncrun finished 2021-01-27T23:35:38Z (last step: 11 msec, total: 250 msec)
#=#=#=# Syncrun started 2021-01-28T06:06:24Z
#=#=#=#=# Propagation starts 2021-01-28T06:06:24Z (last step: 253 msec, total: 253 msec)
#=#=#=# Syncrun finished 2021-01-28T06:06:24Z (last step: 10 msec, total: 263 msec)
#=#=#=# Syncrun started 2021-01-28T08:06:26Z
#=#=#=#=# Propagation starts 2021-01-28T08:06:26Z (last step: 261 msec, total: 261 msec)
#=#=#=# Syncrun finished 2021-01-28T08:06:26Z (last step: 16 msec, total: 278 msec)
#=#=#=# Syncrun started 2021-01-28T09:21:14Z
#=#=#=#=# Propagation starts 2021-01-28T09:21:14Z (last step: 261 msec, total: 261 msec)
09:21:14||grondCheck.js|INST_SYNC|Up|1611825672|05b6a02dc2d59128725b7b5007d569f9|14225|00011734ocdgex5m00ij|4||204|14147|1611569244|02584896-d02e-47c4-9883-acaccbc111e3|
#=#=#=# Syncrun finished 2021-01-28T09:21:15Z (last step: 1036 msec, total: 1297 msec)
#=#=#=# Syncrun started 2021-01-28T09:21:51Z
#=#=#=#=# Propagation starts 2021-01-28T09:21:51Z (last step: 204 msec, total: 204 msec)
#=#=#=# Syncrun finished 2021-01-28T09:21:51Z (last step: 26 msec, total: 231 msec)
#=#=#=# Syncrun started 2021-01-28T09:29:15Z
#=#=#=#=# Propagation starts 2021-01-28T09:29:16Z (last step: 372 msec, total: 372 msec)
09:29:16||grondCheck.js|INST_SYNC|Up|1611826153|b17fc78b605c2fd2171215ab09658f97|14200|00011734ocdgex5m00ij|4||204|14225|1611825672|80eda622-fa9a-48b0-b639-d59447faf3fe|
#=#=#=# Syncrun finished 2021-01-28T09:29:17Z (last step: 942 msec, total: 1314 msec)
#=#=#=# Syncrun started 2021-01-28T09:30:20Z
#=#=#=#=# Propagation starts 2021-01-28T09:30:20Z (last step: 239 msec, total: 239 msec)
#=#=#=# Syncrun finished 2021-01-28T09:30:20Z (last step: 24 msec, total: 263 msec)
#=#=#=# Syncrun started 2021-01-28T10:05:19Z
#=#=#=#=# Propagation starts 2021-01-28T10:05:19Z (last step: 307 msec, total: 307 msec)
10:05:19||grondCheck.js|INST_SYNC|Up|1611828317|8464807699e94e193e76cd27c004690d|14623|00011734ocdgex5m00ij|4||204|14200|1611826153|e6b50bab-b4c8-464e-b8df-d9df061d23c5|
#=#=#=# Syncrun finished 2021-01-28T10:05:21Z (last step: 1066 msec, total: 1373 msec)
#=#=#=# Syncrun started 2021-01-28T10:06:20Z
#=#=#=#=# Propagation starts 2021-01-28T10:06:20Z (last step: 222 msec, total: 222 msec)
#=#=#=# Syncrun finished 2021-01-28T10:06:20Z (last step: 24 msec, total: 247 msec)
#=#=#=# Syncrun started 2021-01-28T10:28:31Z
#=#=#=#=# Propagation starts 2021-01-28T10:28:31Z (last step: 248 msec, total: 248 msec)
10:28:31||grondCheck.js|INST_SYNC|Up|1611829708|5cadbb1b80779b8a1ab83aac02eb070d|14744|00011734ocdgex5m00ij|4||204|14623|1611828317|311b1bfa-b27e-44e2-b7b0-00b16a044c96|
#=#=#=# Syncrun finished 2021-01-28T10:28:32Z (last step: 1017 msec, total: 1265 msec)
#=#=#=# Syncrun started 2021-01-28T10:29:20Z
#=#=#=#=# Propagation starts 2021-01-28T10:29:20Z (last step: 230 msec, total: 230 msec)
10:29:20||grondCheck.js|INST_SYNC|Up|1611829745|a7076ffdeca61ffae27bb89d4a697f8e|14380|00011734ocdgex5m00ij|4||204|14744|1611829708|68567b7b-8a88-4ba7-a141-59bfc460e021|
#=#=#=# Syncrun finished 2021-01-28T10:29:22Z (last step: 1107 msec, total: 1337 msec)
#=#=#=# Syncrun started 2021-01-28T10:29:46Z
#=#=#=#=# Propagation starts 2021-01-28T10:29:46Z (last step: 309 msec, total: 309 msec)
10:29:46||grondCheck.js|INST_SYNC|Up|1611829783|6f045f10ec1e675c16df90f3fd2791f0|14264|00011734ocdgex5m00ij|4||204|14380|1611829745|a7205269-52c4-4499-998b-5746c8c8cd7b|
#=#=#=# Syncrun finished 2021-01-28T10:29:47Z (last step: 941 msec, total: 1250 msec)
#=#=#=# Syncrun started 2021-01-28T10:30:23Z
#=#=#=#=# Propagation starts 2021-01-28T10:30:23Z (last step: 195 msec, total: 195 msec)
10:30:24||grondCheck.js|INST_SYNC|Up|1611829810|804a763fa191293c56a2e7ccfd4a01e3|14631|00011734ocdgex5m00ij|4||204|14264|1611829783|9e18aabe-3223-4bf6-9862-43f5b1ce1486|
#=#=#=# Syncrun finished 2021-01-28T10:30:24Z (last step: 1008 msec, total: 1204 msec)
#=#=#=# Syncrun started 2021-01-28T10:30:33Z
#=#=#=#=# Propagation starts 2021-01-28T10:30:33Z (last step: 378 msec, total: 378 msec)
10:30:33||grondCheck.js|INST_SYNC|Up|1611829831|0ed4aac23a81053852cce3cf159b6bf7|14633|00011734ocdgex5m00ij|4||204|14631|1611829810|d1fcd6ed-222b-4832-b62c-8e8443b41160|
#=#=#=# Syncrun finished 2021-01-28T10:30:34Z (last step: 1039 msec, total: 1418 msec)
#=#=#=# Syncrun started 2021-01-28T10:31:11Z
#=#=#=#=# Propagation starts 2021-01-28T10:31:12Z (last step: 402 msec, total: 402 msec)
10:31:12||grondCheck.js|INST_SYNC|Up|1611829869|35a9a73e26da8d314c9d4f1056bb6ffa|14268|00011734ocdgex5m00ij|4||204|14633|1611829831|62f71440-26c9-4802-a780-794ca66e5690|
#=#=#=# Syncrun finished 2021-01-28T10:31:13Z (last step: 999 msec, total: 1401 msec)
#=#=#=# Syncrun started 2021-01-28T10:31:50Z
#=#=#=#=# Propagation starts 2021-01-28T10:31:50Z (last step: 239 msec, total: 239 msec)
10:31:50||grondCheck.js|INST_SYNC|Up|1611829887|9dd488ae7a07aecec2c19f184ad84cc6|14634|00011734ocdgex5m00ij|4||204|14268|1611829869|d9d8670c-89c8-49c9-b86e-383047ed4633|
#=#=#=# Syncrun finished 2021-01-28T10:31:52Z (last step: 1102 msec, total: 1342 msec)
#=#=#=# Syncrun started 2021-01-28T10:32:07Z
#=#=#=#=# Propagation starts 2021-01-28T10:32:07Z (last step: 392 msec, total: 392 msec)
10:32:07||grondCheck.js|INST_SYNC|Up|1611829925|fd57c518f1053cb8143013fb08ca0a5e|14633|00011734ocdgex5m00ij|4||204|14634|1611829887|0f3d5d3c-bbbb-4995-ac96-cf462aa88b54|
#=#=#=# Syncrun finished 2021-01-28T10:32:08Z (last step: 1013 msec, total: 1406 msec)
#=#=#=# Syncrun started 2021-01-28T10:32:50Z
#=#=#=#=# Propagation starts 2021-01-28T10:32:50Z (last step: 233 msec, total: 233 msec)
#=#=#=# Syncrun finished 2021-01-28T10:32:50Z (last step: 23 msec, total: 256 msec)
#=#=#=# Syncrun started 2021-01-28T10:32:57Z
#=#=#=#=# Propagation starts 2021-01-28T10:32:57Z (last step: 172 msec, total: 172 msec)
10:32:57||grondCheck.js|INST_SYNC|Up|1611829975|ce499e85ada2b8905477245f811702fe|14633|00011734ocdgex5m00ij|4||204|14633|1611829925|1f53d0b6-aa3f-44c0-b6b2-6186384717a9|
#=#=#=# Syncrun finished 2021-01-28T10:32:58Z (last step: 1108 msec, total: 1281 msec)
#=#=#=# Syncrun started 2021-01-28T10:33:50Z
#=#=#=#=# Propagation starts 2021-01-28T10:33:50Z (last step: 223 msec, total: 223 msec)
#=#=#=# Syncrun finished 2021-01-28T10:33:50Z (last step: 24 msec, total: 248 msec)
#=#=#=# Syncrun started 2021-01-28T10:34:24Z
#=#=#=#=# Propagation starts 2021-01-28T10:34:24Z (last step: 263 msec, total: 263 msec)
10:34:24||grondCheck.js|INST_SYNC|Up|1611830062|d7ddf82a5b1ab5d4d642ded48e1ac85e|14633|00011734ocdgex5m00ij|4||204|14633|1611829975|5ba3b759-68b8-4184-8f00-c68f504155d4|
#=#=#=# Syncrun finished 2021-01-28T10:34:25Z (last step: 1018 msec, total: 1282 msec)
#=#=#=# Syncrun started 2021-01-28T10:35:20Z
#=#=#=#=# Propagation starts 2021-01-28T10:35:20Z (last step: 216 msec, total: 216 msec)
10:35:20||grondCheck.js|INST_SYNC|Up|1611830108|d5eeee41c71638ecd12716009515c4b6|14633|00011734ocdgex5m00ij|4||204|14633|1611830062|1c300c2e-b61a-4dbe-a420-f756b1a4a3f6|
#=#=#=# Syncrun finished 2021-01-28T10:35:21Z (last step: 949 msec, total: 1165 msec)
#=#=#=# Syncrun started 2021-01-28T10:36:20Z
#=#=#=#=# Propagation starts 2021-01-28T10:36:20Z (last step: 224 msec, total: 224 msec)
#=#=#=# Syncrun finished 2021-01-28T10:36:20Z (last step: 24 msec, total: 248 msec)
#=#=#=# Syncrun started 2021-01-28T10:39:28Z
#=#=#=#=# Propagation starts 2021-01-28T10:39:28Z (last step: 357 msec, total: 357 msec)
10:39:28||grondCheck.js|INST_SYNC|Up|1611830366|9344ac18e207edc09aac5bc1723f3076|14635|00011734ocdgex5m00ij|4||204|14633|1611830108|46c39e31-dda4-4c85-94c9-a1f83b8c0cc0|
#=#=#=# Syncrun finished 2021-01-28T10:39:29Z (last step: 1020 msec, total: 1378 msec)
#=#=#=# Syncrun started 2021-01-28T10:40:20Z
#=#=#=#=# Propagation starts 2021-01-28T10:40:20Z (last step: 215 msec, total: 215 msec)
#=#=#=# Syncrun finished 2021-01-28T10:40:20Z (last step: 24 msec, total: 239 msec)
#=#=#=# Syncrun started 2021-01-28T10:44:54Z
#=#=#=#=# Propagation starts 2021-01-28T10:44:54Z (last step: 300 msec, total: 300 msec)
10:44:54||grondCheck.js|INST_SYNC|Up|1611830692|e5b9aaeb58b85681ac45fca180698ed6|14642|00011734ocdgex5m00ij|4||204|14635|1611830366|ea6f6552-b718-44fa-bbf7-aa05ed3ed53b|
#=#=#=# Syncrun finished 2021-01-28T10:44:55Z (last step: 1478 msec, total: 1779 msec)
#=#=#=# Syncrun started 2021-01-28T10:45:50Z
#=#=#=#=# Propagation starts 2021-01-28T10:45:50Z (last step: 223 msec, total: 223 msec)
10:45:50||grondCheck.js|INST_SYNC|Up|1611830733|47fa46a13cd707c4f391aaa746bfbff1|14640|00011734ocdgex5m00ij|4||204|14642|1611830692|a2351c9f-0ccd-4eec-ad61-1ba6e95bf8f3|
#=#=#=# Syncrun finished 2021-01-28T10:45:52Z (last step: 1661 msec, total: 1885 msec)
#=#=#=# Syncrun started 2021-01-28T10:46:50Z
#=#=#=#=# Propagation starts 2021-01-28T10:46:50Z (last step: 231 msec, total: 231 msec)
#=#=#=# Syncrun finished 2021-01-28T10:46:50Z (last step: 11 msec, total: 242 msec)
#=#=#=# Syncrun started 2021-01-28T10:47:00Z
#=#=#=#=# Propagation starts 2021-01-28T10:47:00Z (last step: 258 msec, total: 258 msec)
10:47:00||grondCheck.js|INST_SYNC|Up|1611830817|8106b6eb55136288b9d02b9d5bafe377|14640|00011734ocdgex5m00ij|4||204|14640|1611830733|a44a510b-d0ae-4c5d-a6f1-fee80782bac0|
#=#=#=# Syncrun finished 2021-01-28T10:47:01Z (last step: 1093 msec, total: 1352 msec)
#=#=#=# Syncrun started 2021-01-28T10:47:50Z
#=#=#=#=# Propagation starts 2021-01-28T10:47:50Z (last step: 223 msec, total: 223 msec)
#=#=#=# Syncrun finished 2021-01-28T10:47:50Z (last step: 23 msec, total: 247 msec)
#=#=#=# Syncrun started 2021-01-28T11:05:43Z
#=#=#=#=# Propagation starts 2021-01-28T11:05:44Z (last step: 392 msec, total: 392 msec)
11:05:44||grondCheck.js|INST_SYNC|Up|1611831941|7a757856d3068f1b0e892abd7f039bf1|14638|00011734ocdgex5m00ij|4||204|14640|1611830817|14f8b035-3a31-4235-97db-a0a6264cc0f9|
#=#=#=# Syncrun finished 2021-01-28T11:05:45Z (last step: 1021 msec, total: 1414 msec)
#=#=#=# Syncrun started 2021-01-28T11:06:20Z
#=#=#=#=# Propagation starts 2021-01-28T11:06:20Z (last step: 239 msec, total: 239 msec)
11:06:20||grondCheck.js|INST_SYNC|Up|1611831977|8cfc4add0da7c85135cbc80d2d6dbd57|14640|00011734ocdgex5m00ij|4||204|14638|1611831941|93ea7655-3176-4d43-8a89-36f5cb15c641|
#=#=#=# Syncrun finished 2021-01-28T11:06:21Z (last step: 1014 msec, total: 1253 msec)
#=#=#=# Syncrun started 2021-01-28T11:07:21Z
#=#=#=#=# Propagation starts 2021-01-28T11:07:21Z (last step: 241 msec, total: 241 msec)
11:07:21||grondCheck.js|INST_SYNC|Up|1611832024|7fa210df2107384dfef1d9623d8cad98|14638|00011734ocdgex5m00ij|4||204|14640|1611831977|3127dbe1-23d9-4c78-93c8-555b5024e540|
#=#=#=# Syncrun finished 2021-01-28T11:07:22Z (last step: 973 msec, total: 1214 msec)
#=#=#=# Syncrun started 2021-01-28T11:07:46Z
#=#=#=#=# Propagation starts 2021-01-28T11:07:46Z (last step: 404 msec, total: 404 msec)
11:07:46||grondCheck.js|INST_SYNC|Up|1611832063|8acbafd7be64125c1822d1306d43afd1|14640|00011734ocdgex5m00ij|4||204|14638|1611832024|d9ed275a-9e21-44e5-a78a-9521fb448221|
#=#=#=# Syncrun finished 2021-01-28T11:07:47Z (last step: 887 msec, total: 1291 msec)
#=#=#=# Syncrun started 2021-01-28T11:08:47Z
#=#=#=#=# Propagation starts 2021-01-28T11:08:47Z (last step: 245 msec, total: 245 msec)
#=#=#=# Syncrun finished 2021-01-28T11:08:47Z (last step: 13 msec, total: 258 msec)
#=#=#=# Syncrun started 2021-01-28T11:09:55Z
#=#=#=#=# Propagation starts 2021-01-28T11:09:55Z (last step: 318 msec, total: 318 msec)
11:09:55||overzicht.css|INST_SYNC|Up|1611832193|b170860c40c5767730c333417744f8e3|3441|00011732ocdgex5m00ij|4||204|3442|1611338521|2cafcfac-4d71-40a2-9305-9ad1eb44f173|
#=#=#=# Syncrun finished 2021-01-28T11:09:57Z (last step: 1153 msec, total: 1471 msec)
#=#=#=# Syncrun started 2021-01-28T11:10:50Z
#=#=#=#=# Propagation starts 2021-01-28T11:10:50Z (last step: 224 msec, total: 224 msec)
#=#=#=# Syncrun finished 2021-01-28T11:10:50Z (last step: 13 msec, total: 237 msec)
#=#=#=# Syncrun started 2021-01-28T11:11:57Z
#=#=#=#=# Propagation starts 2021-01-28T11:11:57Z (last step: 316 msec, total: 316 msec)
11:11:57||overzicht.css|INST_SYNC|Up|1611832315|1b126018bbd5ffa4c8122866d1966d52|3443|00011732ocdgex5m00ij|4||204|3441|1611832193|cdc2890a-1f72-43cd-99e1-f31635812cc2|
#=#=#=# Syncrun finished 2021-01-28T11:11:58Z (last step: 1007 msec, total: 1324 msec)
#=#=#=# Syncrun started 2021-01-28T11:12:50Z
#=#=#=#=# Propagation starts 2021-01-28T11:12:50Z (last step: 224 msec, total: 224 msec)
#=#=#=# Syncrun finished 2021-01-28T11:12:50Z (last step: 13 msec, total: 237 msec)
#=#=#=# Syncrun started 2021-01-28T11:13:49Z
#=#=#=#=# Propagation starts 2021-01-28T11:13:50Z (last step: 332 msec, total: 332 msec)
11:13:50||overzicht.css|INST_SYNC|Up|1611832427|f09bbb3b969c989e3bbc9665a0b7c562|3446|00011732ocdgex5m00ij|4||204|3443|1611832315|92a1a7b8-a17d-479a-b80f-c4f90a564136|
#=#=#=# Syncrun finished 2021-01-28T11:13:51Z (last step: 1027 msec, total: 1360 msec)
#=#=#=# Syncrun started 2021-01-28T11:14:50Z
#=#=#=#=# Propagation starts 2021-01-28T11:14:50Z (last step: 236 msec, total: 236 msec)
11:14:50||overzicht.css|INST_SYNC|Up|1611832457|86749ee44b0f8cc58f4241bcfe788864|3441|00011732ocdgex5m00ij|4||204|3446|1611832427|df93bb9f-063b-4fbf-8638-1d45796f1a97|
#=#=#=# Syncrun finished 2021-01-28T11:14:51Z (last step: 1005 msec, total: 1242 msec)
#=#=#=# Syncrun started 2021-01-28T11:15:50Z
#=#=#=#=# Propagation starts 2021-01-28T11:15:50Z (last step: 218 msec, total: 218 msec)
#=#=#=# Syncrun finished 2021-01-28T11:15:50Z (last step: 23 msec, total: 242 msec)
#=#=#=# Syncrun started 2021-01-28T11:16:06Z
#=#=#=#=# Propagation starts 2021-01-28T11:16:06Z (last step: 349 msec, total: 349 msec)
11:16:06||overzicht.css|INST_SYNC|Up|1611832564|534b559a5b4a422dfd95709159eb311d|3444|00011732ocdgex5m00ij|4||204|3441|1611832457|935b42b9-d188-43d0-b5e4-c56ed20cd087|
#=#=#=# Syncrun finished 2021-01-28T11:16:07Z (last step: 1014 msec, total: 1364 msec)
#=#=#=# Syncrun started 2021-01-28T11:16:50Z
#=#=#=#=# Propagation starts 2021-01-28T11:16:50Z (last step: 225 msec, total: 225 msec)
#=#=#=# Syncrun finished 2021-01-28T11:16:50Z (last step: 24 msec, total: 249 msec)
#=#=#=# Syncrun started 2021-01-28T11:19:55Z
#=#=#=#=# Propagation starts 2021-01-28T11:19:55Z (last step: 246 msec, total: 246 msec)
11:19:55||overzicht.css|INST_SYNC|Up|1611832793|78eb38b9fb8a4a51e5cc924e1fcf4eb2|3440|00011732ocdgex5m00ij|4||204|3444|1611832564|0e97f57f-26ad-42f6-b92a-f7cc2b8b8058|
#=#=#=# Syncrun finished 2021-01-28T11:19:56Z (last step: 967 msec, total: 1214 msec)
#=#=#=# Syncrun started 2021-01-28T11:20:50Z
#=#=#=#=# Propagation starts 2021-01-28T11:20:50Z (last step: 252 msec, total: 252 msec)
11:20:50||overzicht.css|INST_SYNC|Up|1611832821|b0b1f6b940b1dc3b145458959e063d72|3442|00011732ocdgex5m00ij|4||204|3440|1611832793|9ffb0da9-501d-4181-bf98-b7febc10ed3d|
#=#=#=# Syncrun finished 2021-01-28T11:20:51Z (last step: 1000 msec, total: 1252 msec)
#=#=#=# Syncrun started 2021-01-28T11:21:50Z
#=#=#=#=# Propagation starts 2021-01-28T11:21:50Z (last step: 222 msec, total: 222 msec)
#=#=#=# Syncrun finished 2021-01-28T11:21:50Z (last step: 24 msec, total: 247 msec)
#=#=#=# Syncrun started 2021-01-28T11:22:34Z
#=#=#=#=# Propagation starts 2021-01-28T11:22:34Z (last step: 309 msec, total: 309 msec)
11:22:34||overzicht.css|INST_SYNC|Up|1611832952|3efcb9b74e88c3316d8d55ab1deedd00|3443|00011732ocdgex5m00ij|4||204|3442|1611832821|71097dee-cf24-4d8d-9189-13e025007442|
#=#=#=# Syncrun finished 2021-01-28T11:22:35Z (last step: 1009 msec, total: 1318 msec)
#=#=#=# Syncrun started 2021-01-28T11:23:20Z
#=#=#=#=# Propagation starts 2021-01-28T11:23:20Z (last step: 232 msec, total: 232 msec)
#=#=#=# Syncrun finished 2021-01-28T11:23:20Z (last step: 24 msec, total: 256 msec)
#=#=#=# Syncrun started 2021-01-28T11:26:06Z
#=#=#=#=# Propagation starts 2021-01-28T11:26:06Z (last step: 246 msec, total: 246 msec)
11:26:06||overzicht.css|INST_SYNC|Up|1611833164|456ab83aff88e53f8afce09ff225be0f|3447|00011732ocdgex5m00ij|4||204|3443|1611832952|9dfd5544-1441-4823-b23a-dd7a2806565f|
#=#=#=# Syncrun finished 2021-01-28T11:26:07Z (last step: 1066 msec, total: 1312 msec)
#=#=#=# Syncrun started 2021-01-28T11:26:50Z
#=#=#=#=# Propagation starts 2021-01-28T11:26:50Z (last step: 222 msec, total: 222 msec)
#=#=#=# Syncrun finished 2021-01-28T11:26:50Z (last step: 13 msec, total: 235 msec)
#=#=#=# Syncrun started 2021-01-28T11:27:08Z
#=#=#=#=# Propagation starts 2021-01-28T11:27:09Z (last step: 349 msec, total: 349 msec)
11:27:09||overzicht.css|INST_SYNC|Up|1611833226|c2d20bc4bf965cb45aadc64cba4e4895|3443|00011732ocdgex5m00ij|4||204|3447|1611833164|079bd87c-84fc-49d0-a6d5-3a6b9180678a|
#=#=#=# Syncrun finished 2021-01-28T11:27:10Z (last step: 1461 msec, total: 1810 msec)
#=#=#=# Syncrun started 2021-01-28T11:27:50Z
#=#=#=#=# Propagation starts 2021-01-28T11:27:50Z (last step: 232 msec, total: 232 msec)
#=#=#=# Syncrun finished 2021-01-28T11:27:50Z (last step: 23 msec, total: 256 msec)
#=#=#=# Syncrun started 2021-01-28T11:33:16Z
#=#=#=#=# Propagation starts 2021-01-28T11:33:17Z (last step: 389 msec, total: 389 msec)
11:33:17||overzicht.css|INST_SYNC|Up|1611833594|8f195d5ad687bb63898ddc53e9b426df|3441|00011732ocdgex5m00ij|4||204|3443|1611833226|cb494d69-817b-456f-9e26-3072cc1ce1c9|
#=#=#=# Syncrun finished 2021-01-28T11:33:18Z (last step: 932 msec, total: 1321 msec)
#=#=#=# Syncrun started 2021-01-28T11:34:20Z
#=#=#=#=# Propagation starts 2021-01-28T11:34:20Z (last step: 203 msec, total: 203 msec)
11:34:20||overzicht.css|INST_SYNC|Up|1611833632|6a81befe8125986e78f8d8182317ab9d|3439|00011732ocdgex5m00ij|4||204|3441|1611833594|8cbab01e-f0b1-4456-b500-5be97a10d506|
#=#=#=# Syncrun finished 2021-01-28T11:34:21Z (last step: 1024 msec, total: 1227 msec)
#=#=#=# Syncrun started 2021-01-28T11:35:20Z
#=#=#=#=# Propagation starts 2021-01-28T11:35:20Z (last step: 292 msec, total: 292 msec)
#=#=#=# Syncrun finished 2021-01-28T11:35:20Z (last step: 24 msec, total: 317 msec)
#=#=#=# Syncrun started 2021-01-28T13:35:23Z
#=#=#=#=# Propagation starts 2021-01-28T13:35:23Z (last step: 215 msec, total: 215 msec)
#=#=#=# Syncrun finished 2021-01-28T13:35:23Z (last step: 17 msec, total: 232 msec)
#=#=#=# Syncrun started 2021-01-28T14:22:39Z
#=#=#=#=# Propagation starts 2021-01-28T14:22:40Z (last step: 346 msec, total: 346 msec)
14:22:40||grondCheck.js|INST_SYNC|Up|1611843757|f55de58e508639422e7402d5547cc855|15095|00011734ocdgex5m00ij|4||204|14640|1611832063|1f54434d-86eb-479a-a84a-287c2fd76c2d|
#=#=#=# Syncrun finished 2021-01-28T14:22:41Z (last step: 1854 msec, total: 2200 msec)
#=#=#=# Syncrun started 2021-01-28T14:23:20Z
#=#=#=#=# Propagation starts 2021-01-28T14:23:20Z (last step: 308 msec, total: 308 msec)
14:23:20||grondCheck.js|INST_SYNC|Up|1611843796|56abf3e6355ab755a5d6f2f32a502814|15096|00011734ocdgex5m00ij|4||204|15095|1611843757|3d0c6ae3-d7c6-4117-b5bc-9173121c1df5|
#=#=#=# Syncrun finished 2021-01-28T14:23:22Z (last step: 1946 msec, total: 2255 msec)
#=#=#=# Syncrun started 2021-01-28T14:24:17Z
#=#=#=#=# Propagation starts 2021-01-28T14:24:17Z (last step: 256 msec, total: 256 msec)
#=#=#=# Syncrun finished 2021-01-28T14:24:17Z (last step: 25 msec, total: 282 msec)
#=#=#=# Syncrun started 2021-01-28T14:24:33Z
#=#=#=#=# Propagation starts 2021-01-28T14:24:34Z (last step: 366 msec, total: 366 msec)
14:24:34||grondCheck.js|INST_SYNC|Up|1611843871|0075ae169af80d897e53fd72dad364cd|15098|00011734ocdgex5m00ij|4||204|15096|1611843796|70bd6f99-e65d-4ec7-ab9a-b190bbe65473|
#=#=#=# Syncrun finished 2021-01-28T14:24:35Z (last step: 1861 msec, total: 2227 msec)
#=#=#=# Syncrun started 2021-01-28T14:25:17Z
#=#=#=#=# Propagation starts 2021-01-28T14:25:17Z (last step: 247 msec, total: 247 msec)
#=#=#=# Syncrun finished 2021-01-28T14:25:17Z (last step: 31 msec, total: 278 msec)
#=#=#=# Syncrun started 2021-01-28T14:30:36Z
#=#=#=#=# Propagation starts 2021-01-28T14:30:36Z (last step: 345 msec, total: 345 msec)
14:30:36||grondCheck.js|INST_SYNC|Up|1611844234|0ffa8f04de131f9bf8bc1fbe3180a5dc|15100|00011734ocdgex5m00ij|4||204|15098|1611843871|a8ce537f-8052-4160-a1c7-1eca472dae63|
#=#=#=# Syncrun finished 2021-01-28T14:30:38Z (last step: 1858 msec, total: 2203 msec)
#=#=#=# Syncrun started 2021-01-28T14:31:20Z
#=#=#=#=# Propagation starts 2021-01-28T14:31:20Z (last step: 232 msec, total: 232 msec)
#=#=#=# Syncrun finished 2021-01-28T14:31:20Z (last step: 24 msec, total: 256 msec)
#=#=#=# Syncrun started 2021-01-28T14:33:56Z
#=#=#=#=# Propagation starts 2021-01-28T14:33:56Z (last step: 229 msec, total: 229 msec)
14:33:56||grondCheck.js|INST_SYNC|Up|1611844434|7a563e1973512a4803399166969eaba0|15112|00011734ocdgex5m00ij|4||204|15100|1611844234|8b35f74f-5545-4b83-a5d6-207d68aea148|
#=#=#=# Syncrun finished 2021-01-28T14:33:58Z (last step: 2218 msec, total: 2448 msec)
#=#=#=# Syncrun started 2021-01-28T14:34:01Z
#=#=#=#=# Propagation starts 2021-01-28T14:34:01Z (last step: 163 msec, total: 163 msec)
14:34:01||grondCheck.js|INST_SYNC|Up|1611844438|1671b588392bcbcc3433dea0d1f206d0|15112|00011734ocdgex5m00ij|4||204|15112|1611844434|d9181a8e-4458-4b79-8ed6-c162db7f16f7|
#=#=#=# Syncrun finished 2021-01-28T14:34:03Z (last step: 2217 msec, total: 2381 msec)
#=#=#=# Syncrun started 2021-01-28T14:34:51Z
#=#=#=#=# Propagation starts 2021-01-28T14:34:51Z (last step: 200 msec, total: 200 msec)
#=#=#=# Syncrun finished 2021-01-28T14:34:51Z (last step: 24 msec, total: 224 msec)
#=#=#=# Syncrun started 2021-01-28T14:37:41Z
#=#=#=#=# Propagation starts 2021-01-28T14:37:41Z (last step: 283 msec, total: 283 msec)
14:37:41||grondCheck.js|INST_SYNC|Up|1611844659|3eb187abedb9e0e8e070e1d5ba455a3a|15122|00011734ocdgex5m00ij|4||204|15112|1611844438|d4e7b12d-73c2-44bb-92c0-a75186534ee5|
#=#=#=# Syncrun finished 2021-01-28T14:37:43Z (last step: 1967 msec, total: 2251 msec)
#=#=#=# Syncrun started 2021-01-28T14:37:46Z
#=#=#=#=# Propagation starts 2021-01-28T14:37:46Z (last step: 225 msec, total: 225 msec)
14:37:46||grondCheck.js|INST_SYNC|Up|1611844664|a5b39d0fef3fc0ebf5c784c06eecebc1|15122|00011734ocdgex5m00ij|4||204|15122|1611844659|2e25222a-7c8c-49a8-bca9-34e9ec997edd|
#=#=#=# Syncrun finished 2021-01-28T14:37:48Z (last step: 1821 msec, total: 2047 msec)
#=#=#=# Syncrun started 2021-01-28T14:38:47Z
#=#=#=#=# Propagation starts 2021-01-28T14:38:48Z (last step: 248 msec, total: 248 msec)
#=#=#=# Syncrun finished 2021-01-28T14:38:48Z (last step: 24 msec, total: 273 msec)
#=#=#=# Syncrun started 2021-01-28T14:42:30Z
#=#=#=#=# Propagation starts 2021-01-28T14:42:31Z (last step: 355 msec, total: 355 msec)
14:42:31||grondCheck.js|INST_SYNC|Up|1611844948|51fbd7e17bd1f5bf398e690e78cb7bc8|15153|00011734ocdgex5m00ij|4||204|15122|1611844664|6718ef15-00e6-4eae-8016-3a419a22f28f|
#=#=#=# Syncrun finished 2021-01-28T14:42:32Z (last step: 1933 msec, total: 2288 msec)
#=#=#=# Syncrun started 2021-01-28T14:43:21Z
#=#=#=#=# Propagation starts 2021-01-28T14:43:21Z (last step: 223 msec, total: 223 msec)
#=#=#=# Syncrun finished 2021-01-28T14:43:21Z (last step: 12 msec, total: 235 msec)
#=#=#=# Syncrun started 2021-01-28T14:44:06Z
#=#=#=#=# Propagation starts 2021-01-28T14:44:06Z (last step: 343 msec, total: 343 msec)
14:44:06||grondCheck.js|INST_SYNC|Up|1611845044|ce2c4cced4988d39cdcbb35981587658|15184|00011734ocdgex5m00ij|4||204|15153|1611844948|7c44f9c1-1aef-427a-860b-3b313ad098e5|
#=#=#=# Syncrun finished 2021-01-28T14:44:08Z (last step: 1855 msec, total: 2198 msec)
#=#=#=# Syncrun started 2021-01-28T14:44:51Z
#=#=#=#=# Propagation starts 2021-01-28T14:44:51Z (last step: 203 msec, total: 203 msec)
14:44:51||grondCheck.js|INST_SYNC|Up|1611845085|b9dcb6d7f48bf2b40ac4c7a20bb6e72b|15189|00011734ocdgex5m00ij|4||204|15184|1611845044|5fcf98bd-7ee9-4dc7-888c-095cd17d350c|
#=#=#=# Syncrun finished 2021-01-28T14:44:53Z (last step: 1910 msec, total: 2113 msec)
#=#=#=# Syncrun started 2021-01-28T14:45:24Z
#=#=#=#=# Propagation starts 2021-01-28T14:45:24Z (last step: 221 msec, total: 221 msec)
14:45:24||grondCheck.js|INST_SYNC|Up|1611845122|53d701d5b16b1d70c2185eae332fd036|15197|00011734ocdgex5m00ij|4||204|15189|1611845085|9d85a801-686f-4e22-abbe-ba4ed603cd54|
#=#=#=# Syncrun finished 2021-01-28T14:45:26Z (last step: 2005 msec, total: 2226 msec)
#=#=#=# Syncrun started 2021-01-28T14:45:33Z
#=#=#=#=# Propagation starts 2021-01-28T14:45:33Z (last step: 341 msec, total: 341 msec)
14:45:33||grondCheck.js|INST_SYNC|Up|1611845131|8d74950591ef1333c4f2c7d295bf7288|15196|00011734ocdgex5m00ij|4||204|15197|1611845122|12bd6015-2483-4cc7-8f9c-3047fd3dd8b6|
#=#=#=# Syncrun finished 2021-01-28T14:45:35Z (last step: 1977 msec, total: 2319 msec)
#=#=#=# Syncrun started 2021-01-28T14:46:20Z
#=#=#=#=# Propagation starts 2021-01-28T14:46:21Z (last step: 245 msec, total: 245 msec)
#=#=#=# Syncrun finished 2021-01-28T14:46:21Z (last step: 24 msec, total: 270 msec)
#=#=#=# Syncrun started 2021-01-28T14:49:01Z
#=#=#=#=# Propagation starts 2021-01-28T14:49:01Z (last step: 312 msec, total: 312 msec)
14:49:01||grondCheck.js|INST_SYNC|Up|1611845338|11cfb7404fec59ce3be81d30f55ad11d|15258|00011734ocdgex5m00ij|4||204|15196|1611845131|35c84bbc-3b26-4dc6-8b97-a1773dc2d715|
#=#=#=# Syncrun finished 2021-01-28T14:49:03Z (last step: 1915 msec, total: 2228 msec)
#=#=#=# Syncrun started 2021-01-28T14:49:05Z
#=#=#=#=# Propagation starts 2021-01-28T14:49:05Z (last step: 207 msec, total: 207 msec)
14:49:05||grondCheck.js|INST_SYNC|Up|1611845343|b2b80494de976c27150375543f7f1667|15258|00011734ocdgex5m00ij|4||204|15258|1611845338|ca06eadf-e328-4c1e-9a5d-849b916d5666|
#=#=#=# Syncrun finished 2021-01-28T14:49:07Z (last step: 1869 msec, total: 2076 msec)
#=#=#=# Syncrun started 2021-01-28T14:49:51Z
#=#=#=#=# Propagation starts 2021-01-28T14:49:51Z (last step: 239 msec, total: 239 msec)
#=#=#=# Syncrun finished 2021-01-28T14:49:51Z (last step: 13 msec, total: 252 msec)
#=#=#=# Syncrun started 2021-01-28T14:52:50Z
#=#=#=#=# Propagation starts 2021-01-28T14:52:50Z (last step: 335 msec, total: 335 msec)
14:52:51||grondCheck.js|INST_SYNC|Up|1611845568|4c15ae977c0f17f20aad1b321ec1d7b3|15286|00011734ocdgex5m00ij|4||204|15258|1611845343|b0d24c32-b9be-46f9-9c23-3846deb18f18|
#=#=#=# Syncrun finished 2021-01-28T14:52:52Z (last step: 1891 msec, total: 2226 msec)
#=#=#=# Syncrun started 2021-01-28T14:53:50Z
#=#=#=#=# Propagation starts 2021-01-28T14:53:50Z (last step: 224 msec, total: 224 msec)
#=#=#=# Syncrun finished 2021-01-28T14:53:50Z (last step: 24 msec, total: 249 msec)
#=#=#=# Syncrun started 2021-01-28T14:54:58Z
#=#=#=#=# Propagation starts 2021-01-28T14:54:59Z (last step: 379 msec, total: 379 msec)
14:54:59||grondCheck.js|INST_SYNC|Up|1611845696|b7a3155f97822f55b705bc2062ad3702|15291|00011734ocdgex5m00ij|4||204|15286|1611845568|948abaad-1a81-4cc4-a2ec-ecaa1158b8a4|
#=#=#=# Syncrun finished 2021-01-28T14:55:01Z (last step: 1899 msec, total: 2279 msec)
#=#=#=# Syncrun started 2021-01-28T14:55:51Z
#=#=#=#=# Propagation starts 2021-01-28T14:55:51Z (last step: 216 msec, total: 216 msec)
14:55:51||grondCheck.js|INST_SYNC|Up|1611845743|d5544b7e059584d94daaa804fcac1dcb|15318|00011734ocdgex5m00ij|4||204|15291|1611845696|44cb9456-3e3a-4f84-9be9-e7e73b8005cb|
#=#=#=# Syncrun finished 2021-01-28T14:55:53Z (last step: 1825 msec, total: 2042 msec)
#=#=#=# Syncrun started 2021-01-28T14:56:47Z
#=#=#=#=# Propagation starts 2021-01-28T14:56:47Z (last step: 246 msec, total: 246 msec)
14:56:47||grondCheck.js|INST_SYNC|Up|1611845805|0d2225d4927f0dc0a8d0923c2f35ad98|15313|00011734ocdgex5m00ij|4||204|15318|1611845743|87115c0e-4c42-4677-b728-e80c0eabedc8|
#=#=#=# Syncrun finished 2021-01-28T14:56:49Z (last step: 1867 msec, total: 2113 msec)
#=#=#=# Syncrun started 2021-01-28T14:56:52Z
#=#=#=#=# Propagation starts 2021-01-28T14:56:52Z (last step: 175 msec, total: 175 msec)
#=#=#=# Syncrun finished 2021-01-28T14:56:52Z (last step: 24 msec, total: 199 msec)
#=#=#=# Syncrun started 2021-01-28T14:57:47Z
#=#=#=#=# Propagation starts 2021-01-28T14:57:47Z (last step: 251 msec, total: 251 msec)
#=#=#=# Syncrun finished 2021-01-28T14:57:47Z (last step: 24 msec, total: 275 msec)
#=#=#=# Syncrun started 2021-01-28T15:03:08Z
#=#=#=#=# Propagation starts 2021-01-28T15:03:08Z (last step: 369 msec, total: 369 msec)
15:03:08||grondCheck.js|INST_SYNC|Up|1611846186|3d8a6f0af09be01750b999c281a9a111|15311|00011734ocdgex5m00ij|4||204|15313|1611845805|6ed8985d-a720-4ae6-a898-b14d882cdd5d|
#=#=#=# Syncrun finished 2021-01-28T15:03:10Z (last step: 1994 msec, total: 2364 msec)
#=#=#=# Syncrun started 2021-01-28T15:03:15Z
#=#=#=#=# Propagation starts 2021-01-28T15:03:16Z (last step: 265 msec, total: 265 msec)
15:03:16||grondCheck.js|INST_SYNC|Up|1611846193|e2da39a0ee74fd542dfcb402cc1201d0|15307|00011734ocdgex5m00ij|4||204|15311|1611846186|a4d32d5a-b1ac-484a-a76e-c4dc9570e127|
#=#=#=# Syncrun finished 2021-01-28T15:03:17Z (last step: 1639 msec, total: 1905 msec)
#=#=#=# Syncrun started 2021-01-28T15:04:17Z
#=#=#=#=# Propagation starts 2021-01-28T15:04:18Z (last step: 249 msec, total: 249 msec)
#=#=#=# Syncrun finished 2021-01-28T15:04:18Z (last step: 23 msec, total: 272 msec)
#=#=#=# Syncrun started 2021-01-28T15:05:03Z
#=#=#=#=# Propagation starts 2021-01-28T15:05:04Z (last step: 355 msec, total: 355 msec)
15:05:04||grondCheck.js|INST_SYNC|Up|1611846301|b9da97beccc09af6191c3a5dcc1cc16b|15313|00011734ocdgex5m00ij|4||204|15307|1611846193|cf0058d6-2bf8-42e5-a583-489bfef8170c|
#=#=#=# Syncrun finished 2021-01-28T15:05:05Z (last step: 1867 msec, total: 2223 msec)
#=#=#=# Syncrun started 2021-01-28T15:05:50Z
#=#=#=#=# Propagation starts 2021-01-28T15:05:50Z (last step: 245 msec, total: 245 msec)
#=#=#=# Syncrun finished 2021-01-28T15:05:50Z (last step: 8 msec, total: 254 msec)
#=#=#=# Syncrun started 2021-01-28T15:05:52Z
#=#=#=#=# Propagation starts 2021-01-28T15:05:53Z (last step: 202 msec, total: 202 msec)
15:05:53||grondCheck.js|INST_SYNC|Up|1611846350|eec44128c1ea2427af90c0fae53a7388|15314|00011734ocdgex5m00ij|4||204|15313|1611846301|67e6f712-4f67-42c6-948e-3cdf74b4ceb3|
#=#=#=# Syncrun finished 2021-01-28T15:05:54Z (last step: 1859 msec, total: 2061 msec)
#=#=#=# Syncrun started 2021-01-28T15:06:26Z
#=#=#=#=# Propagation starts 2021-01-28T15:06:26Z (last step: 219 msec, total: 219 msec)
15:06:26||grondCheck.js|INST_SYNC|Up|1611846384|31adc808d14780a5483943017a5568b2|15318|00011734ocdgex5m00ij|4||204|15314|1611846350|1a8b0a0d-e64d-452f-b307-f5fd2b9ec710|
#=#=#=# Syncrun finished 2021-01-28T15:06:28Z (last step: 1815 msec, total: 2034 msec)
#=#=#=# Syncrun started 2021-01-28T15:07:20Z
#=#=#=#=# Propagation starts 2021-01-28T15:07:21Z (last step: 245 msec, total: 245 msec)
#=#=#=# Syncrun finished 2021-01-28T15:07:21Z (last step: 13 msec, total: 259 msec)
#=#=#=# Syncrun started 2021-01-28T15:09:17Z
#=#=#=#=# Propagation starts 2021-01-28T15:09:17Z (last step: 315 msec, total: 315 msec)
15:09:17||grondCheck.js|INST_SYNC|Up|1611846555|2dedb629944e992c5b1c69138a90cfa6|15316|00011734ocdgex5m00ij|4||204|15318|1611846384|02ca3125-8d1c-4975-95c1-cb08c6dd9f59|
#=#=#=# Syncrun finished 2021-01-28T15:09:19Z (last step: 1978 msec, total: 2293 msec)
#=#=#=# Syncrun started 2021-01-28T15:09:30Z
#=#=#=#=# Propagation starts 2021-01-28T15:09:30Z (last step: 315 msec, total: 315 msec)
15:09:30||grondCheck.js|INST_SYNC|Up|1611846568|cf7ce7d3311fa1d32ea03810e4f9b0f6|15290|00011734ocdgex5m00ij|4||204|15316|1611846555|c46a6f20-260a-453a-97e5-cfb90089f8ed|
#=#=#=# Syncrun finished 2021-01-28T15:09:32Z (last step: 1845 msec, total: 2161 msec)
#=#=#=# Syncrun started 2021-01-28T15:10:20Z
#=#=#=#=# Propagation starts 2021-01-28T15:10:20Z (last step: 218 msec, total: 218 msec)
15:10:20||grondCheck.js|INST_SYNC|Up|1611846600|95bbfda21d90b4b111c4f208bc3c7c3e|15317|00011734ocdgex5m00ij|4||204|15290|1611846568|4efc4723-1c3f-4dd3-b420-67de32cf7595|
#=#=#=# Syncrun finished 2021-01-28T15:10:22Z (last step: 1772 msec, total: 1990 msec)
#=#=#=# Syncrun started 2021-01-28T15:11:21Z
#=#=#=#=# Propagation starts 2021-01-28T15:11:21Z (last step: 236 msec, total: 236 msec)
#=#=#=# Syncrun finished 2021-01-28T15:11:21Z (last step: 24 msec, total: 260 msec)
#=#=#=# Syncrun started 2021-01-28T15:13:45Z
#=#=#=#=# Propagation starts 2021-01-28T15:13:45Z (last step: 389 msec, total: 389 msec)
15:13:45||grondCheck.js|INST_SYNC|Up|1611846823|e853a8062676ccfcb20d2a2d1483c4b6|15324|00011734ocdgex5m00ij|4||204|15317|1611846600|ef9b07c1-0b7a-4314-8b36-151bcc0744b4|
#=#=#=# Syncrun finished 2021-01-28T15:13:47Z (last step: 1769 msec, total: 2159 msec)
#=#=#=# Syncrun started 2021-01-28T15:14:51Z
#=#=#=#=# Propagation starts 2021-01-28T15:14:51Z (last step: 227 msec, total: 227 msec)
#=#=#=# Syncrun finished 2021-01-28T15:14:51Z (last step: 11 msec, total: 238 msec)
#=#=#=# Syncrun started 2021-01-28T15:18:04Z
#=#=#=#=# Propagation starts 2021-01-28T15:18:04Z (last step: 376 msec, total: 376 msec)
15:18:04||grondCheck.js|INST_SYNC|Up|1611847082|766775dc56376717441d14e80414d5eb|15324|00011734ocdgex5m00ij|4||204|15324|1611846823|9772b3aa-ee6e-43a6-bcf2-741c63753c0e|
#=#=#=# Syncrun finished 2021-01-28T15:18:06Z (last step: 1911 msec, total: 2288 msec)
#=#=#=# Syncrun started 2021-01-28T15:18:50Z
#=#=#=#=# Propagation starts 2021-01-28T15:18:50Z (last step: 237 msec, total: 237 msec)
#=#=#=# Syncrun finished 2021-01-28T15:18:50Z (last step: 24 msec, total: 261 msec)
#=#=#=# Syncrun started 2021-01-28T15:22:28Z
#=#=#=#=# Propagation starts 2021-01-28T15:22:28Z (last step: 212 msec, total: 212 msec)
15:22:28||grondCheck.js|INST_SYNC|Up|1611847346|79d2df8e01c958b7da607c07c8a0921e|15368|00011734ocdgex5m00ij|4||204|15324|1611847082|1aebc590-bd85-40b8-b8f2-bf03e288a1af|
#=#=#=# Syncrun finished 2021-01-28T15:22:30Z (last step: 1887 msec, total: 2100 msec)
#=#=#=# Syncrun started 2021-01-28T15:23:21Z
#=#=#=#=# Propagation starts 2021-01-28T15:23:21Z (last step: 255 msec, total: 255 msec)
#=#=#=# Syncrun finished 2021-01-28T15:23:21Z (last step: 7 msec, total: 263 msec)
#=#=#=# Syncrun started 2021-01-28T15:23:23Z
#=#=#=#=# Propagation starts 2021-01-28T15:23:24Z (last step: 212 msec, total: 212 msec)
15:23:24||grondCheck.js|INST_SYNC|Up|1611847401|cd8cc12f76f0f0656b3cfaa86490f4d0|15370|00011734ocdgex5m00ij|4||204|15368|1611847346|14166242-6cc2-4c9b-be44-3845e054afb8|
#=#=#=# Syncrun finished 2021-01-28T15:23:26Z (last step: 1992 msec, total: 2205 msec)
#=#=#=# Syncrun started 2021-01-28T15:24:17Z
#=#=#=#=# Propagation starts 2021-01-28T15:24:17Z (last step: 244 msec, total: 244 msec)
#=#=#=# Syncrun finished 2021-01-28T15:24:17Z (last step: 24 msec, total: 269 msec)
#=#=#=# Syncrun started 2021-01-28T15:55:25Z
#=#=#=#=# Propagation starts 2021-01-28T15:55:26Z (last step: 366 msec, total: 366 msec)
15:55:26||grondCheck.js|INST_SYNC|Up|1611849323|19034a5c78f057b8e85b4d7b1ac0bfd2|15410|00011734ocdgex5m00ij|4||204|15370|1611847401|04702471-4346-4ff9-8bb5-aeb9b577ca3c|
#=#=#=# Syncrun finished 2021-01-28T15:55:27Z (last step: 1840 msec, total: 2206 msec)
#=#=#=# Syncrun started 2021-01-28T15:56:21Z
#=#=#=#=# Propagation starts 2021-01-28T15:56:21Z (last step: 221 msec, total: 221 msec)
#=#=#=# Syncrun finished 2021-01-28T15:56:21Z (last step: 24 msec, total: 245 msec)
#=#=#=# Syncrun started 2021-01-28T16:03:55Z
#=#=#=#=# Propagation starts 2021-01-28T16:03:56Z (last step: 379 msec, total: 379 msec)
16:03:56||grondCheck.js|INST_SYNC|Up|1611849833|aa58bec82fc03a54feeaa36635e654cf|15410|00011734ocdgex5m00ij|4||204|15410|1611849323|f281236a-1b9d-4653-a248-0aa2fa99c5da|
#=#=#=# Syncrun finished 2021-01-28T16:03:57Z (last step: 1787 msec, total: 2166 msec)
#=#=#=# Syncrun started 2021-01-28T16:04:34Z
#=#=#=#=# Propagation starts 2021-01-28T16:04:34Z (last step: 245 msec, total: 245 msec)
16:04:34||grondCheck.js|INST_SYNC|Up|1611849850|c65f1671f1e7f68749bd20ca05f028d0|15410|00011734ocdgex5m00ij|4||204|15410|1611849833|dc322fcb-e0b2-4e8f-8176-e5d381601971|
#=#=#=# Syncrun finished 2021-01-28T16:04:36Z (last step: 1767 msec, total: 2012 msec)
#=#=#=# Syncrun started 2021-01-28T16:05:17Z
#=#=#=#=# Propagation starts 2021-01-28T16:05:17Z (last step: 256 msec, total: 256 msec)
#=#=#=# Syncrun finished 2021-01-28T16:05:17Z (last step: 24 msec, total: 280 msec)
